<?xml version="1.0" encoding="UTF-8"?>
<!-- Generated by org.testng.reporters.JUnitReportReporter -->
<testsuite hostname="DESKTOP-FCV789S" name="seleniumGrid.TestGridClass" tests="3" failures="0" timestamp="28 May 2020 08:18:06 GMT" time="53.386" errors="0">
  <testcase name="calculatepercent" time="18.492" classname="seleniumGrid.TestGridClass"/>
  <testcase name="calculatepercent" time="21.135" classname="seleniumGrid.TestGridClass"/>
  <testcase name="calculatepercent" time="13.759" classname="seleniumGrid.TestGridClass"/>
</testsuite> <!-- seleniumGrid.TestGridClass -->
