<?xml version="1.0" encoding="UTF-8"?>
<!-- Generated by org.testng.reporters.JUnitReportReporter -->
<testsuite hostname="DESKTOP-FCV789S" name="seleniumGrid.TestGridClass" tests="3" failures="0" timestamp="18 May 2020 10:05:05 GMT" time="58.456" errors="0">
  <testcase name="calculatepercent" time="21.841" classname="seleniumGrid.TestGridClass"/>
  <testcase name="calculatepercent" time="18.836" classname="seleniumGrid.TestGridClass"/>
  <testcase name="calculatepercent" time="17.779" classname="seleniumGrid.TestGridClass"/>
</testsuite> <!-- seleniumGrid.TestGridClass -->
